Copyright 1986-2017 Xilinx, Inc. All Rights Reserved.
---------------------------------------------------------------------------------------------------------------------------------
| Tool Version : Vivado v.2017.1 (win64) Build 1846317 Fri Apr 14 18:55:03 MDT 2017
| Date         : Thu Jul 19 20:40:39 2018
| Host         : Anish-PC running 64-bit Service Pack 1  (build 7601)
| Command      : report_methodology -file ad9361_tx_top_methodology_drc_routed.rpt -rpx ad9361_tx_top_methodology_drc_routed.rpx
| Design       : ad9361_tx_top
| Device       : xc7k325tffg900-2
| Speed File   : -2
| Design State : Routed
---------------------------------------------------------------------------------------------------------------------------------

Report Methodology

Table of Contents
-----------------
1. REPORT SUMMARY
2. REPORT DETAILS

1. REPORT SUMMARY
-----------------
            Netlist: netlist
          Floorplan: design_1
      Design limits: <entire design considered>
             Max violations: <unlimited>
             Violations found: 152
+-----------+----------+---------------------------------------------------+------------+
| Rule      | Severity | Description                                       | Violations |
+-----------+----------+---------------------------------------------------+------------+
| TIMING-17 | Warning  | Non-clocked sequential cell                       | 139        |
| TIMING-18 | Warning  | Missing input or output delay                     | 12         |
| XDCC-2    | Warning  | Scoped Non-Timing constraint/property overwritten | 1          |
+-----------+----------+---------------------------------------------------+------------+

2. REPORT DETAILS
-----------------
TIMING-17#1 Warning
Non-clocked sequential cell  
The clock pin ad9361_unit_i0/ad9361_txdata_uut/bb_iq_reg[0]/C is not reached by a timing clock
Related violations: <none>

TIMING-17#2 Warning
Non-clocked sequential cell  
The clock pin ad9361_unit_i0/ad9361_txdata_uut/bb_iq_reg[10]/C is not reached by a timing clock
Related violations: <none>

TIMING-17#3 Warning
Non-clocked sequential cell  
The clock pin ad9361_unit_i0/ad9361_txdata_uut/bb_iq_reg[11]/C is not reached by a timing clock
Related violations: <none>

TIMING-17#4 Warning
Non-clocked sequential cell  
The clock pin ad9361_unit_i0/ad9361_txdata_uut/bb_iq_reg[1]/C is not reached by a timing clock
Related violations: <none>

TIMING-17#5 Warning
Non-clocked sequential cell  
The clock pin ad9361_unit_i0/ad9361_txdata_uut/bb_iq_reg[2]/C is not reached by a timing clock
Related violations: <none>

TIMING-17#6 Warning
Non-clocked sequential cell  
The clock pin ad9361_unit_i0/ad9361_txdata_uut/bb_iq_reg[3]/C is not reached by a timing clock
Related violations: <none>

TIMING-17#7 Warning
Non-clocked sequential cell  
The clock pin ad9361_unit_i0/ad9361_txdata_uut/bb_iq_reg[4]/C is not reached by a timing clock
Related violations: <none>

TIMING-17#8 Warning
Non-clocked sequential cell  
The clock pin ad9361_unit_i0/ad9361_txdata_uut/bb_iq_reg[5]/C is not reached by a timing clock
Related violations: <none>

TIMING-17#9 Warning
Non-clocked sequential cell  
The clock pin ad9361_unit_i0/ad9361_txdata_uut/bb_iq_reg[6]/C is not reached by a timing clock
Related violations: <none>

TIMING-17#10 Warning
Non-clocked sequential cell  
The clock pin ad9361_unit_i0/ad9361_txdata_uut/bb_iq_reg[7]/C is not reached by a timing clock
Related violations: <none>

TIMING-17#11 Warning
Non-clocked sequential cell  
The clock pin ad9361_unit_i0/ad9361_txdata_uut/bb_iq_reg[8]/C is not reached by a timing clock
Related violations: <none>

TIMING-17#12 Warning
Non-clocked sequential cell  
The clock pin ad9361_unit_i0/ad9361_txdata_uut/bb_iq_reg[9]/C is not reached by a timing clock
Related violations: <none>

TIMING-17#13 Warning
Non-clocked sequential cell  
The clock pin ad9361_unit_i0/ad9361_txdata_uut/bb_q_path_buf_reg[0]/C is not reached by a timing clock
Related violations: <none>

TIMING-17#14 Warning
Non-clocked sequential cell  
The clock pin ad9361_unit_i0/ad9361_txdata_uut/bb_q_path_buf_reg[10]/C is not reached by a timing clock
Related violations: <none>

TIMING-17#15 Warning
Non-clocked sequential cell  
The clock pin ad9361_unit_i0/ad9361_txdata_uut/bb_q_path_buf_reg[11]/C is not reached by a timing clock
Related violations: <none>

TIMING-17#16 Warning
Non-clocked sequential cell  
The clock pin ad9361_unit_i0/ad9361_txdata_uut/bb_q_path_buf_reg[1]/C is not reached by a timing clock
Related violations: <none>

TIMING-17#17 Warning
Non-clocked sequential cell  
The clock pin ad9361_unit_i0/ad9361_txdata_uut/bb_q_path_buf_reg[2]/C is not reached by a timing clock
Related violations: <none>

TIMING-17#18 Warning
Non-clocked sequential cell  
The clock pin ad9361_unit_i0/ad9361_txdata_uut/bb_q_path_buf_reg[3]/C is not reached by a timing clock
Related violations: <none>

TIMING-17#19 Warning
Non-clocked sequential cell  
The clock pin ad9361_unit_i0/ad9361_txdata_uut/bb_q_path_buf_reg[4]/C is not reached by a timing clock
Related violations: <none>

TIMING-17#20 Warning
Non-clocked sequential cell  
The clock pin ad9361_unit_i0/ad9361_txdata_uut/bb_q_path_buf_reg[5]/C is not reached by a timing clock
Related violations: <none>

TIMING-17#21 Warning
Non-clocked sequential cell  
The clock pin ad9361_unit_i0/ad9361_txdata_uut/bb_q_path_buf_reg[6]/C is not reached by a timing clock
Related violations: <none>

TIMING-17#22 Warning
Non-clocked sequential cell  
The clock pin ad9361_unit_i0/ad9361_txdata_uut/bb_q_path_buf_reg[7]/C is not reached by a timing clock
Related violations: <none>

TIMING-17#23 Warning
Non-clocked sequential cell  
The clock pin ad9361_unit_i0/ad9361_txdata_uut/bb_q_path_buf_reg[8]/C is not reached by a timing clock
Related violations: <none>

TIMING-17#24 Warning
Non-clocked sequential cell  
The clock pin ad9361_unit_i0/ad9361_txdata_uut/bb_q_path_buf_reg[9]/C is not reached by a timing clock
Related violations: <none>

TIMING-17#25 Warning
Non-clocked sequential cell  
The clock pin ad9361_unit_i0/ad9361_txdata_uut/swap_cnt_reg[0]/C is not reached by a timing clock
Related violations: <none>

TIMING-17#26 Warning
Non-clocked sequential cell  
The clock pin ad9361_unit_i0/ad9361_txdata_uut/tx_frame_reg/C is not reached by a timing clock
Related violations: <none>

TIMING-17#27 Warning
Non-clocked sequential cell  
The clock pin ad9361_unit_i0/bb_iq_generator/U0/i_synth/i_dds/I_PHASEGEN.i_conventional_accum.i_accum/i_fabric.i_common.i_phase_acc/opt_has_pipe.first_q_reg[10]/C is not reached by a timing clock
Related violations: <none>

TIMING-17#28 Warning
Non-clocked sequential cell  
The clock pin ad9361_unit_i0/bb_iq_generator/U0/i_synth/i_dds/I_PHASEGEN.i_conventional_accum.i_accum/i_fabric.i_common.i_phase_acc/opt_has_pipe.first_q_reg[11]/C is not reached by a timing clock
Related violations: <none>

TIMING-17#29 Warning
Non-clocked sequential cell  
The clock pin ad9361_unit_i0/bb_iq_generator/U0/i_synth/i_dds/I_PHASEGEN.i_conventional_accum.i_accum/i_fabric.i_common.i_phase_acc/opt_has_pipe.first_q_reg[12]/C is not reached by a timing clock
Related violations: <none>

TIMING-17#30 Warning
Non-clocked sequential cell  
The clock pin ad9361_unit_i0/bb_iq_generator/U0/i_synth/i_dds/I_PHASEGEN.i_conventional_accum.i_accum/i_fabric.i_common.i_phase_acc/opt_has_pipe.first_q_reg[13]/C is not reached by a timing clock
Related violations: <none>

TIMING-17#31 Warning
Non-clocked sequential cell  
The clock pin ad9361_unit_i0/bb_iq_generator/U0/i_synth/i_dds/I_PHASEGEN.i_conventional_accum.i_accum/i_fabric.i_common.i_phase_acc/opt_has_pipe.first_q_reg[14]/C is not reached by a timing clock
Related violations: <none>

TIMING-17#32 Warning
Non-clocked sequential cell  
The clock pin ad9361_unit_i0/bb_iq_generator/U0/i_synth/i_dds/I_PHASEGEN.i_conventional_accum.i_accum/i_fabric.i_common.i_phase_acc/opt_has_pipe.first_q_reg[15]/C is not reached by a timing clock
Related violations: <none>

TIMING-17#33 Warning
Non-clocked sequential cell  
The clock pin ad9361_unit_i0/bb_iq_generator/U0/i_synth/i_dds/I_PHASEGEN.i_conventional_accum.i_accum/i_fabric.i_common.i_phase_acc/opt_has_pipe.first_q_reg[16]/C is not reached by a timing clock
Related violations: <none>

TIMING-17#34 Warning
Non-clocked sequential cell  
The clock pin ad9361_unit_i0/bb_iq_generator/U0/i_synth/i_dds/I_PHASEGEN.i_conventional_accum.i_accum/i_fabric.i_common.i_phase_acc/opt_has_pipe.first_q_reg[2]/C is not reached by a timing clock
Related violations: <none>

TIMING-17#35 Warning
Non-clocked sequential cell  
The clock pin ad9361_unit_i0/bb_iq_generator/U0/i_synth/i_dds/I_PHASEGEN.i_conventional_accum.i_accum/i_fabric.i_common.i_phase_acc/opt_has_pipe.first_q_reg[3]/C is not reached by a timing clock
Related violations: <none>

TIMING-17#36 Warning
Non-clocked sequential cell  
The clock pin ad9361_unit_i0/bb_iq_generator/U0/i_synth/i_dds/I_PHASEGEN.i_conventional_accum.i_accum/i_fabric.i_common.i_phase_acc/opt_has_pipe.first_q_reg[4]/C is not reached by a timing clock
Related violations: <none>

TIMING-17#37 Warning
Non-clocked sequential cell  
The clock pin ad9361_unit_i0/bb_iq_generator/U0/i_synth/i_dds/I_PHASEGEN.i_conventional_accum.i_accum/i_fabric.i_common.i_phase_acc/opt_has_pipe.first_q_reg[5]/C is not reached by a timing clock
Related violations: <none>

TIMING-17#38 Warning
Non-clocked sequential cell  
The clock pin ad9361_unit_i0/bb_iq_generator/U0/i_synth/i_dds/I_PHASEGEN.i_conventional_accum.i_accum/i_fabric.i_common.i_phase_acc/opt_has_pipe.first_q_reg[6]/C is not reached by a timing clock
Related violations: <none>

TIMING-17#39 Warning
Non-clocked sequential cell  
The clock pin ad9361_unit_i0/bb_iq_generator/U0/i_synth/i_dds/I_PHASEGEN.i_conventional_accum.i_accum/i_fabric.i_common.i_phase_acc/opt_has_pipe.first_q_reg[7]/C is not reached by a timing clock
Related violations: <none>

TIMING-17#40 Warning
Non-clocked sequential cell  
The clock pin ad9361_unit_i0/bb_iq_generator/U0/i_synth/i_dds/I_PHASEGEN.i_conventional_accum.i_accum/i_fabric.i_common.i_phase_acc/opt_has_pipe.first_q_reg[8]/C is not reached by a timing clock
Related violations: <none>

TIMING-17#41 Warning
Non-clocked sequential cell  
The clock pin ad9361_unit_i0/bb_iq_generator/U0/i_synth/i_dds/I_PHASEGEN.i_conventional_accum.i_accum/i_fabric.i_common.i_phase_acc/opt_has_pipe.first_q_reg[9]/C is not reached by a timing clock
Related violations: <none>

TIMING-17#42 Warning
Non-clocked sequential cell  
The clock pin ad9361_unit_i0/bb_iq_generator/U0/i_synth/i_dds/I_SINCOS.i_std_rom.i_rom/i_rtl.i_quarter_table.i_addr_reg_c/opt_has_pipe.first_q_reg[0]/C is not reached by a timing clock
Related violations: <none>

TIMING-17#43 Warning
Non-clocked sequential cell  
The clock pin ad9361_unit_i0/bb_iq_generator/U0/i_synth/i_dds/I_SINCOS.i_std_rom.i_rom/i_rtl.i_quarter_table.i_addr_reg_c/opt_has_pipe.first_q_reg[1]/C is not reached by a timing clock
Related violations: <none>

TIMING-17#44 Warning
Non-clocked sequential cell  
The clock pin ad9361_unit_i0/bb_iq_generator/U0/i_synth/i_dds/I_SINCOS.i_std_rom.i_rom/i_rtl.i_quarter_table.i_addr_reg_c/opt_has_pipe.i_pipe[3].pipe_reg[3][0]_srl2/CLK is not reached by a timing clock
Related violations: <none>

TIMING-17#45 Warning
Non-clocked sequential cell  
The clock pin ad9361_unit_i0/bb_iq_generator/U0/i_synth/i_dds/I_SINCOS.i_std_rom.i_rom/i_rtl.i_quarter_table.i_addr_reg_c/opt_has_pipe.i_pipe[3].pipe_reg[3][1]_srl2/CLK is not reached by a timing clock
Related violations: <none>

TIMING-17#46 Warning
Non-clocked sequential cell  
The clock pin ad9361_unit_i0/bb_iq_generator/U0/i_synth/i_dds/I_SINCOS.i_std_rom.i_rom/i_rtl.i_quarter_table.i_addr_reg_c/opt_has_pipe.i_pipe[4].pipe_reg[4][0]/C is not reached by a timing clock
Related violations: <none>

TIMING-17#47 Warning
Non-clocked sequential cell  
The clock pin ad9361_unit_i0/bb_iq_generator/U0/i_synth/i_dds/I_SINCOS.i_std_rom.i_rom/i_rtl.i_quarter_table.i_addr_reg_c/opt_has_pipe.i_pipe[4].pipe_reg[4][1]/C is not reached by a timing clock
Related violations: <none>

TIMING-17#48 Warning
Non-clocked sequential cell  
The clock pin ad9361_unit_i0/bb_iq_generator/U0/i_synth/i_dds/I_SINCOS.i_std_rom.i_rom/i_rtl.i_quarter_table.i_block_rom.i_pipe_1.pre_asyn_sin_RAM_op_reg/CLKARDCLK is not reached by a timing clock
Related violations: <none>

TIMING-17#49 Warning
Non-clocked sequential cell  
The clock pin ad9361_unit_i0/bb_iq_generator/U0/i_synth/i_dds/I_SINCOS.i_std_rom.i_rom/i_rtl.i_quarter_table.i_block_rom.i_pipe_1.pre_asyn_sin_RAM_op_reg/CLKBWRCLK is not reached by a timing clock
Related violations: <none>

TIMING-17#50 Warning
Non-clocked sequential cell  
The clock pin ad9361_unit_i0/bb_iq_generator/U0/i_synth/i_dds/I_SINCOS.i_std_rom.i_rom/i_rtl.i_quarter_table.i_has_cos.i_addr_mod_stage1.mod_cos_addr_reg[0]/C is not reached by a timing clock
Related violations: <none>

TIMING-17#51 Warning
Non-clocked sequential cell  
The clock pin ad9361_unit_i0/bb_iq_generator/U0/i_synth/i_dds/I_SINCOS.i_std_rom.i_rom/i_rtl.i_quarter_table.i_has_cos.i_addr_mod_stage1.mod_cos_addr_reg[1]/C is not reached by a timing clock
Related violations: <none>

TIMING-17#52 Warning
Non-clocked sequential cell  
The clock pin ad9361_unit_i0/bb_iq_generator/U0/i_synth/i_dds/I_SINCOS.i_std_rom.i_rom/i_rtl.i_quarter_table.i_has_cos.i_addr_mod_stage1.mod_cos_addr_reg[2]/C is not reached by a timing clock
Related violations: <none>

TIMING-17#53 Warning
Non-clocked sequential cell  
The clock pin ad9361_unit_i0/bb_iq_generator/U0/i_synth/i_dds/I_SINCOS.i_std_rom.i_rom/i_rtl.i_quarter_table.i_has_cos.i_addr_mod_stage1.mod_cos_addr_reg[3]/C is not reached by a timing clock
Related violations: <none>

TIMING-17#54 Warning
Non-clocked sequential cell  
The clock pin ad9361_unit_i0/bb_iq_generator/U0/i_synth/i_dds/I_SINCOS.i_std_rom.i_rom/i_rtl.i_quarter_table.i_has_cos.i_addr_mod_stage1.mod_cos_addr_reg[4]/C is not reached by a timing clock
Related violations: <none>

TIMING-17#55 Warning
Non-clocked sequential cell  
The clock pin ad9361_unit_i0/bb_iq_generator/U0/i_synth/i_dds/I_SINCOS.i_std_rom.i_rom/i_rtl.i_quarter_table.i_has_cos.i_addr_mod_stage1.mod_cos_addr_reg[5]/C is not reached by a timing clock
Related violations: <none>

TIMING-17#56 Warning
Non-clocked sequential cell  
The clock pin ad9361_unit_i0/bb_iq_generator/U0/i_synth/i_dds/I_SINCOS.i_std_rom.i_rom/i_rtl.i_quarter_table.i_has_cos.i_addr_mod_stage1.mod_cos_addr_reg[6]/C is not reached by a timing clock
Related violations: <none>

TIMING-17#57 Warning
Non-clocked sequential cell  
The clock pin ad9361_unit_i0/bb_iq_generator/U0/i_synth/i_dds/I_SINCOS.i_std_rom.i_rom/i_rtl.i_quarter_table.i_has_cos.i_addr_mod_stage1.mod_cos_addr_reg[7]/C is not reached by a timing clock
Related violations: <none>

TIMING-17#58 Warning
Non-clocked sequential cell  
The clock pin ad9361_unit_i0/bb_iq_generator/U0/i_synth/i_dds/I_SINCOS.i_std_rom.i_rom/i_rtl.i_quarter_table.i_has_cos.i_addr_mod_stage1.mod_cos_addr_reg[8]/C is not reached by a timing clock
Related violations: <none>

TIMING-17#59 Warning
Non-clocked sequential cell  
The clock pin ad9361_unit_i0/bb_iq_generator/U0/i_synth/i_dds/I_SINCOS.i_std_rom.i_rom/i_rtl.i_quarter_table.i_has_cos.i_addr_mod_stage1.mod_cos_addr_reg[9]/C is not reached by a timing clock
Related violations: <none>

TIMING-17#60 Warning
Non-clocked sequential cell  
The clock pin ad9361_unit_i0/bb_iq_generator/U0/i_synth/i_dds/I_SINCOS.i_std_rom.i_rom/i_rtl.i_quarter_table.i_has_sin.i_addr_mod_stage1.mod_sin_addr_reg[0]/C is not reached by a timing clock
Related violations: <none>

TIMING-17#61 Warning
Non-clocked sequential cell  
The clock pin ad9361_unit_i0/bb_iq_generator/U0/i_synth/i_dds/I_SINCOS.i_std_rom.i_rom/i_rtl.i_quarter_table.i_has_sin.i_addr_mod_stage1.mod_sin_addr_reg[1]/C is not reached by a timing clock
Related violations: <none>

TIMING-17#62 Warning
Non-clocked sequential cell  
The clock pin ad9361_unit_i0/bb_iq_generator/U0/i_synth/i_dds/I_SINCOS.i_std_rom.i_rom/i_rtl.i_quarter_table.i_has_sin.i_addr_mod_stage1.mod_sin_addr_reg[2]/C is not reached by a timing clock
Related violations: <none>

TIMING-17#63 Warning
Non-clocked sequential cell  
The clock pin ad9361_unit_i0/bb_iq_generator/U0/i_synth/i_dds/I_SINCOS.i_std_rom.i_rom/i_rtl.i_quarter_table.i_has_sin.i_addr_mod_stage1.mod_sin_addr_reg[3]/C is not reached by a timing clock
Related violations: <none>

TIMING-17#64 Warning
Non-clocked sequential cell  
The clock pin ad9361_unit_i0/bb_iq_generator/U0/i_synth/i_dds/I_SINCOS.i_std_rom.i_rom/i_rtl.i_quarter_table.i_has_sin.i_addr_mod_stage1.mod_sin_addr_reg[4]/C is not reached by a timing clock
Related violations: <none>

TIMING-17#65 Warning
Non-clocked sequential cell  
The clock pin ad9361_unit_i0/bb_iq_generator/U0/i_synth/i_dds/I_SINCOS.i_std_rom.i_rom/i_rtl.i_quarter_table.i_has_sin.i_addr_mod_stage1.mod_sin_addr_reg[5]/C is not reached by a timing clock
Related violations: <none>

TIMING-17#66 Warning
Non-clocked sequential cell  
The clock pin ad9361_unit_i0/bb_iq_generator/U0/i_synth/i_dds/I_SINCOS.i_std_rom.i_rom/i_rtl.i_quarter_table.i_has_sin.i_addr_mod_stage1.mod_sin_addr_reg[6]/C is not reached by a timing clock
Related violations: <none>

TIMING-17#67 Warning
Non-clocked sequential cell  
The clock pin ad9361_unit_i0/bb_iq_generator/U0/i_synth/i_dds/I_SINCOS.i_std_rom.i_rom/i_rtl.i_quarter_table.i_has_sin.i_addr_mod_stage1.mod_sin_addr_reg[7]/C is not reached by a timing clock
Related violations: <none>

TIMING-17#68 Warning
Non-clocked sequential cell  
The clock pin ad9361_unit_i0/bb_iq_generator/U0/i_synth/i_dds/I_SINCOS.i_std_rom.i_rom/i_rtl.i_quarter_table.i_has_sin.i_addr_mod_stage1.mod_sin_addr_reg[8]/C is not reached by a timing clock
Related violations: <none>

TIMING-17#69 Warning
Non-clocked sequential cell  
The clock pin ad9361_unit_i0/bb_iq_generator/U0/i_synth/i_dds/I_SINCOS.i_std_rom.i_rom/i_rtl.i_quarter_table.i_has_sin.i_addr_mod_stage1.mod_sin_addr_reg[9]/C is not reached by a timing clock
Related violations: <none>

TIMING-17#70 Warning
Non-clocked sequential cell  
The clock pin ad9361_unit_i0/bb_iq_generator/U0/i_synth/i_dds/I_SINCOS.i_std_rom.i_rom/i_rtl.i_quarter_table.i_rom_reg_a/opt_has_pipe.first_q_reg[0]/C is not reached by a timing clock
Related violations: <none>

TIMING-17#71 Warning
Non-clocked sequential cell  
The clock pin ad9361_unit_i0/bb_iq_generator/U0/i_synth/i_dds/I_SINCOS.i_std_rom.i_rom/i_rtl.i_quarter_table.i_rom_reg_a/opt_has_pipe.first_q_reg[10]/C is not reached by a timing clock
Related violations: <none>

TIMING-17#72 Warning
Non-clocked sequential cell  
The clock pin ad9361_unit_i0/bb_iq_generator/U0/i_synth/i_dds/I_SINCOS.i_std_rom.i_rom/i_rtl.i_quarter_table.i_rom_reg_a/opt_has_pipe.first_q_reg[1]/C is not reached by a timing clock
Related violations: <none>

TIMING-17#73 Warning
Non-clocked sequential cell  
The clock pin ad9361_unit_i0/bb_iq_generator/U0/i_synth/i_dds/I_SINCOS.i_std_rom.i_rom/i_rtl.i_quarter_table.i_rom_reg_a/opt_has_pipe.first_q_reg[2]/C is not reached by a timing clock
Related violations: <none>

TIMING-17#74 Warning
Non-clocked sequential cell  
The clock pin ad9361_unit_i0/bb_iq_generator/U0/i_synth/i_dds/I_SINCOS.i_std_rom.i_rom/i_rtl.i_quarter_table.i_rom_reg_a/opt_has_pipe.first_q_reg[3]/C is not reached by a timing clock
Related violations: <none>

TIMING-17#75 Warning
Non-clocked sequential cell  
The clock pin ad9361_unit_i0/bb_iq_generator/U0/i_synth/i_dds/I_SINCOS.i_std_rom.i_rom/i_rtl.i_quarter_table.i_rom_reg_a/opt_has_pipe.first_q_reg[4]/C is not reached by a timing clock
Related violations: <none>

TIMING-17#76 Warning
Non-clocked sequential cell  
The clock pin ad9361_unit_i0/bb_iq_generator/U0/i_synth/i_dds/I_SINCOS.i_std_rom.i_rom/i_rtl.i_quarter_table.i_rom_reg_a/opt_has_pipe.first_q_reg[5]/C is not reached by a timing clock
Related violations: <none>

TIMING-17#77 Warning
Non-clocked sequential cell  
The clock pin ad9361_unit_i0/bb_iq_generator/U0/i_synth/i_dds/I_SINCOS.i_std_rom.i_rom/i_rtl.i_quarter_table.i_rom_reg_a/opt_has_pipe.first_q_reg[6]/C is not reached by a timing clock
Related violations: <none>

TIMING-17#78 Warning
Non-clocked sequential cell  
The clock pin ad9361_unit_i0/bb_iq_generator/U0/i_synth/i_dds/I_SINCOS.i_std_rom.i_rom/i_rtl.i_quarter_table.i_rom_reg_a/opt_has_pipe.first_q_reg[7]/C is not reached by a timing clock
Related violations: <none>

TIMING-17#79 Warning
Non-clocked sequential cell  
The clock pin ad9361_unit_i0/bb_iq_generator/U0/i_synth/i_dds/I_SINCOS.i_std_rom.i_rom/i_rtl.i_quarter_table.i_rom_reg_a/opt_has_pipe.first_q_reg[8]/C is not reached by a timing clock
Related violations: <none>

TIMING-17#80 Warning
Non-clocked sequential cell  
The clock pin ad9361_unit_i0/bb_iq_generator/U0/i_synth/i_dds/I_SINCOS.i_std_rom.i_rom/i_rtl.i_quarter_table.i_rom_reg_a/opt_has_pipe.first_q_reg[9]/C is not reached by a timing clock
Related violations: <none>

TIMING-17#81 Warning
Non-clocked sequential cell  
The clock pin ad9361_unit_i0/bb_iq_generator/U0/i_synth/i_dds/I_SINCOS.i_std_rom.i_rom/i_rtl.i_quarter_table.i_rom_reg_b/opt_has_pipe.first_q_reg[0]/C is not reached by a timing clock
Related violations: <none>

TIMING-17#82 Warning
Non-clocked sequential cell  
The clock pin ad9361_unit_i0/bb_iq_generator/U0/i_synth/i_dds/I_SINCOS.i_std_rom.i_rom/i_rtl.i_quarter_table.i_rom_reg_b/opt_has_pipe.first_q_reg[10]/C is not reached by a timing clock
Related violations: <none>

TIMING-17#83 Warning
Non-clocked sequential cell  
The clock pin ad9361_unit_i0/bb_iq_generator/U0/i_synth/i_dds/I_SINCOS.i_std_rom.i_rom/i_rtl.i_quarter_table.i_rom_reg_b/opt_has_pipe.first_q_reg[1]/C is not reached by a timing clock
Related violations: <none>

TIMING-17#84 Warning
Non-clocked sequential cell  
The clock pin ad9361_unit_i0/bb_iq_generator/U0/i_synth/i_dds/I_SINCOS.i_std_rom.i_rom/i_rtl.i_quarter_table.i_rom_reg_b/opt_has_pipe.first_q_reg[2]/C is not reached by a timing clock
Related violations: <none>

TIMING-17#85 Warning
Non-clocked sequential cell  
The clock pin ad9361_unit_i0/bb_iq_generator/U0/i_synth/i_dds/I_SINCOS.i_std_rom.i_rom/i_rtl.i_quarter_table.i_rom_reg_b/opt_has_pipe.first_q_reg[3]/C is not reached by a timing clock
Related violations: <none>

TIMING-17#86 Warning
Non-clocked sequential cell  
The clock pin ad9361_unit_i0/bb_iq_generator/U0/i_synth/i_dds/I_SINCOS.i_std_rom.i_rom/i_rtl.i_quarter_table.i_rom_reg_b/opt_has_pipe.first_q_reg[4]/C is not reached by a timing clock
Related violations: <none>

TIMING-17#87 Warning
Non-clocked sequential cell  
The clock pin ad9361_unit_i0/bb_iq_generator/U0/i_synth/i_dds/I_SINCOS.i_std_rom.i_rom/i_rtl.i_quarter_table.i_rom_reg_b/opt_has_pipe.first_q_reg[5]/C is not reached by a timing clock
Related violations: <none>

TIMING-17#88 Warning
Non-clocked sequential cell  
The clock pin ad9361_unit_i0/bb_iq_generator/U0/i_synth/i_dds/I_SINCOS.i_std_rom.i_rom/i_rtl.i_quarter_table.i_rom_reg_b/opt_has_pipe.first_q_reg[6]/C is not reached by a timing clock
Related violations: <none>

TIMING-17#89 Warning
Non-clocked sequential cell  
The clock pin ad9361_unit_i0/bb_iq_generator/U0/i_synth/i_dds/I_SINCOS.i_std_rom.i_rom/i_rtl.i_quarter_table.i_rom_reg_b/opt_has_pipe.first_q_reg[7]/C is not reached by a timing clock
Related violations: <none>

TIMING-17#90 Warning
Non-clocked sequential cell  
The clock pin ad9361_unit_i0/bb_iq_generator/U0/i_synth/i_dds/I_SINCOS.i_std_rom.i_rom/i_rtl.i_quarter_table.i_rom_reg_b/opt_has_pipe.first_q_reg[8]/C is not reached by a timing clock
Related violations: <none>

TIMING-17#91 Warning
Non-clocked sequential cell  
The clock pin ad9361_unit_i0/bb_iq_generator/U0/i_synth/i_dds/I_SINCOS.i_std_rom.i_rom/i_rtl.i_quarter_table.i_rom_reg_b/opt_has_pipe.first_q_reg[9]/C is not reached by a timing clock
Related violations: <none>

TIMING-17#92 Warning
Non-clocked sequential cell  
The clock pin ad9361_unit_i0/bb_iq_generator/U0/i_synth/i_dds/I_SINCOS.i_std_rom.i_rom/i_rtl.i_quarter_table.i_trivial_map.i_op_reg_a/opt_has_pipe.first_q_reg[0]/C is not reached by a timing clock
Related violations: <none>

TIMING-17#93 Warning
Non-clocked sequential cell  
The clock pin ad9361_unit_i0/bb_iq_generator/U0/i_synth/i_dds/I_SINCOS.i_std_rom.i_rom/i_rtl.i_quarter_table.i_trivial_map.i_op_reg_a/opt_has_pipe.first_q_reg[10]/C is not reached by a timing clock
Related violations: <none>

TIMING-17#94 Warning
Non-clocked sequential cell  
The clock pin ad9361_unit_i0/bb_iq_generator/U0/i_synth/i_dds/I_SINCOS.i_std_rom.i_rom/i_rtl.i_quarter_table.i_trivial_map.i_op_reg_a/opt_has_pipe.first_q_reg[11]/C is not reached by a timing clock
Related violations: <none>

TIMING-17#95 Warning
Non-clocked sequential cell  
The clock pin ad9361_unit_i0/bb_iq_generator/U0/i_synth/i_dds/I_SINCOS.i_std_rom.i_rom/i_rtl.i_quarter_table.i_trivial_map.i_op_reg_a/opt_has_pipe.first_q_reg[1]/C is not reached by a timing clock
Related violations: <none>

TIMING-17#96 Warning
Non-clocked sequential cell  
The clock pin ad9361_unit_i0/bb_iq_generator/U0/i_synth/i_dds/I_SINCOS.i_std_rom.i_rom/i_rtl.i_quarter_table.i_trivial_map.i_op_reg_a/opt_has_pipe.first_q_reg[2]/C is not reached by a timing clock
Related violations: <none>

TIMING-17#97 Warning
Non-clocked sequential cell  
The clock pin ad9361_unit_i0/bb_iq_generator/U0/i_synth/i_dds/I_SINCOS.i_std_rom.i_rom/i_rtl.i_quarter_table.i_trivial_map.i_op_reg_a/opt_has_pipe.first_q_reg[3]/C is not reached by a timing clock
Related violations: <none>

TIMING-17#98 Warning
Non-clocked sequential cell  
The clock pin ad9361_unit_i0/bb_iq_generator/U0/i_synth/i_dds/I_SINCOS.i_std_rom.i_rom/i_rtl.i_quarter_table.i_trivial_map.i_op_reg_a/opt_has_pipe.first_q_reg[4]/C is not reached by a timing clock
Related violations: <none>

TIMING-17#99 Warning
Non-clocked sequential cell  
The clock pin ad9361_unit_i0/bb_iq_generator/U0/i_synth/i_dds/I_SINCOS.i_std_rom.i_rom/i_rtl.i_quarter_table.i_trivial_map.i_op_reg_a/opt_has_pipe.first_q_reg[5]/C is not reached by a timing clock
Related violations: <none>

TIMING-17#100 Warning
Non-clocked sequential cell  
The clock pin ad9361_unit_i0/bb_iq_generator/U0/i_synth/i_dds/I_SINCOS.i_std_rom.i_rom/i_rtl.i_quarter_table.i_trivial_map.i_op_reg_a/opt_has_pipe.first_q_reg[6]/C is not reached by a timing clock
Related violations: <none>

TIMING-17#101 Warning
Non-clocked sequential cell  
The clock pin ad9361_unit_i0/bb_iq_generator/U0/i_synth/i_dds/I_SINCOS.i_std_rom.i_rom/i_rtl.i_quarter_table.i_trivial_map.i_op_reg_a/opt_has_pipe.first_q_reg[7]/C is not reached by a timing clock
Related violations: <none>

TIMING-17#102 Warning
Non-clocked sequential cell  
The clock pin ad9361_unit_i0/bb_iq_generator/U0/i_synth/i_dds/I_SINCOS.i_std_rom.i_rom/i_rtl.i_quarter_table.i_trivial_map.i_op_reg_a/opt_has_pipe.first_q_reg[8]/C is not reached by a timing clock
Related violations: <none>

TIMING-17#103 Warning
Non-clocked sequential cell  
The clock pin ad9361_unit_i0/bb_iq_generator/U0/i_synth/i_dds/I_SINCOS.i_std_rom.i_rom/i_rtl.i_quarter_table.i_trivial_map.i_op_reg_a/opt_has_pipe.first_q_reg[9]/C is not reached by a timing clock
Related violations: <none>

TIMING-17#104 Warning
Non-clocked sequential cell  
The clock pin ad9361_unit_i0/bb_iq_generator/U0/i_synth/i_dds/I_SINCOS.i_std_rom.i_rom/i_rtl.i_quarter_table.i_trivial_map.i_op_reg_a/opt_has_pipe.i_pipe[2].pipe_reg[2][0]/C is not reached by a timing clock
Related violations: <none>

TIMING-17#105 Warning
Non-clocked sequential cell  
The clock pin ad9361_unit_i0/bb_iq_generator/U0/i_synth/i_dds/I_SINCOS.i_std_rom.i_rom/i_rtl.i_quarter_table.i_trivial_map.i_op_reg_a/opt_has_pipe.i_pipe[2].pipe_reg[2][10]/C is not reached by a timing clock
Related violations: <none>

TIMING-17#106 Warning
Non-clocked sequential cell  
The clock pin ad9361_unit_i0/bb_iq_generator/U0/i_synth/i_dds/I_SINCOS.i_std_rom.i_rom/i_rtl.i_quarter_table.i_trivial_map.i_op_reg_a/opt_has_pipe.i_pipe[2].pipe_reg[2][11]/C is not reached by a timing clock
Related violations: <none>

TIMING-17#107 Warning
Non-clocked sequential cell  
The clock pin ad9361_unit_i0/bb_iq_generator/U0/i_synth/i_dds/I_SINCOS.i_std_rom.i_rom/i_rtl.i_quarter_table.i_trivial_map.i_op_reg_a/opt_has_pipe.i_pipe[2].pipe_reg[2][1]/C is not reached by a timing clock
Related violations: <none>

TIMING-17#108 Warning
Non-clocked sequential cell  
The clock pin ad9361_unit_i0/bb_iq_generator/U0/i_synth/i_dds/I_SINCOS.i_std_rom.i_rom/i_rtl.i_quarter_table.i_trivial_map.i_op_reg_a/opt_has_pipe.i_pipe[2].pipe_reg[2][2]/C is not reached by a timing clock
Related violations: <none>

TIMING-17#109 Warning
Non-clocked sequential cell  
The clock pin ad9361_unit_i0/bb_iq_generator/U0/i_synth/i_dds/I_SINCOS.i_std_rom.i_rom/i_rtl.i_quarter_table.i_trivial_map.i_op_reg_a/opt_has_pipe.i_pipe[2].pipe_reg[2][3]/C is not reached by a timing clock
Related violations: <none>

TIMING-17#110 Warning
Non-clocked sequential cell  
The clock pin ad9361_unit_i0/bb_iq_generator/U0/i_synth/i_dds/I_SINCOS.i_std_rom.i_rom/i_rtl.i_quarter_table.i_trivial_map.i_op_reg_a/opt_has_pipe.i_pipe[2].pipe_reg[2][4]/C is not reached by a timing clock
Related violations: <none>

TIMING-17#111 Warning
Non-clocked sequential cell  
The clock pin ad9361_unit_i0/bb_iq_generator/U0/i_synth/i_dds/I_SINCOS.i_std_rom.i_rom/i_rtl.i_quarter_table.i_trivial_map.i_op_reg_a/opt_has_pipe.i_pipe[2].pipe_reg[2][5]/C is not reached by a timing clock
Related violations: <none>

TIMING-17#112 Warning
Non-clocked sequential cell  
The clock pin ad9361_unit_i0/bb_iq_generator/U0/i_synth/i_dds/I_SINCOS.i_std_rom.i_rom/i_rtl.i_quarter_table.i_trivial_map.i_op_reg_a/opt_has_pipe.i_pipe[2].pipe_reg[2][6]/C is not reached by a timing clock
Related violations: <none>

TIMING-17#113 Warning
Non-clocked sequential cell  
The clock pin ad9361_unit_i0/bb_iq_generator/U0/i_synth/i_dds/I_SINCOS.i_std_rom.i_rom/i_rtl.i_quarter_table.i_trivial_map.i_op_reg_a/opt_has_pipe.i_pipe[2].pipe_reg[2][7]/C is not reached by a timing clock
Related violations: <none>

TIMING-17#114 Warning
Non-clocked sequential cell  
The clock pin ad9361_unit_i0/bb_iq_generator/U0/i_synth/i_dds/I_SINCOS.i_std_rom.i_rom/i_rtl.i_quarter_table.i_trivial_map.i_op_reg_a/opt_has_pipe.i_pipe[2].pipe_reg[2][8]/C is not reached by a timing clock
Related violations: <none>

TIMING-17#115 Warning
Non-clocked sequential cell  
The clock pin ad9361_unit_i0/bb_iq_generator/U0/i_synth/i_dds/I_SINCOS.i_std_rom.i_rom/i_rtl.i_quarter_table.i_trivial_map.i_op_reg_a/opt_has_pipe.i_pipe[2].pipe_reg[2][9]/C is not reached by a timing clock
Related violations: <none>

TIMING-17#116 Warning
Non-clocked sequential cell  
The clock pin ad9361_unit_i0/bb_iq_generator/U0/i_synth/i_dds/I_SINCOS.i_std_rom.i_rom/i_rtl.i_quarter_table.i_trivial_map.i_op_reg_b/opt_has_pipe.first_q_reg[0]/C is not reached by a timing clock
Related violations: <none>

TIMING-17#117 Warning
Non-clocked sequential cell  
The clock pin ad9361_unit_i0/bb_iq_generator/U0/i_synth/i_dds/I_SINCOS.i_std_rom.i_rom/i_rtl.i_quarter_table.i_trivial_map.i_op_reg_b/opt_has_pipe.first_q_reg[10]/C is not reached by a timing clock
Related violations: <none>

TIMING-17#118 Warning
Non-clocked sequential cell  
The clock pin ad9361_unit_i0/bb_iq_generator/U0/i_synth/i_dds/I_SINCOS.i_std_rom.i_rom/i_rtl.i_quarter_table.i_trivial_map.i_op_reg_b/opt_has_pipe.first_q_reg[11]/C is not reached by a timing clock
Related violations: <none>

TIMING-17#119 Warning
Non-clocked sequential cell  
The clock pin ad9361_unit_i0/bb_iq_generator/U0/i_synth/i_dds/I_SINCOS.i_std_rom.i_rom/i_rtl.i_quarter_table.i_trivial_map.i_op_reg_b/opt_has_pipe.first_q_reg[1]/C is not reached by a timing clock
Related violations: <none>

TIMING-17#120 Warning
Non-clocked sequential cell  
The clock pin ad9361_unit_i0/bb_iq_generator/U0/i_synth/i_dds/I_SINCOS.i_std_rom.i_rom/i_rtl.i_quarter_table.i_trivial_map.i_op_reg_b/opt_has_pipe.first_q_reg[2]/C is not reached by a timing clock
Related violations: <none>

TIMING-17#121 Warning
Non-clocked sequential cell  
The clock pin ad9361_unit_i0/bb_iq_generator/U0/i_synth/i_dds/I_SINCOS.i_std_rom.i_rom/i_rtl.i_quarter_table.i_trivial_map.i_op_reg_b/opt_has_pipe.first_q_reg[3]/C is not reached by a timing clock
Related violations: <none>

TIMING-17#122 Warning
Non-clocked sequential cell  
The clock pin ad9361_unit_i0/bb_iq_generator/U0/i_synth/i_dds/I_SINCOS.i_std_rom.i_rom/i_rtl.i_quarter_table.i_trivial_map.i_op_reg_b/opt_has_pipe.first_q_reg[4]/C is not reached by a timing clock
Related violations: <none>

TIMING-17#123 Warning
Non-clocked sequential cell  
The clock pin ad9361_unit_i0/bb_iq_generator/U0/i_synth/i_dds/I_SINCOS.i_std_rom.i_rom/i_rtl.i_quarter_table.i_trivial_map.i_op_reg_b/opt_has_pipe.first_q_reg[5]/C is not reached by a timing clock
Related violations: <none>

TIMING-17#124 Warning
Non-clocked sequential cell  
The clock pin ad9361_unit_i0/bb_iq_generator/U0/i_synth/i_dds/I_SINCOS.i_std_rom.i_rom/i_rtl.i_quarter_table.i_trivial_map.i_op_reg_b/opt_has_pipe.first_q_reg[6]/C is not reached by a timing clock
Related violations: <none>

TIMING-17#125 Warning
Non-clocked sequential cell  
The clock pin ad9361_unit_i0/bb_iq_generator/U0/i_synth/i_dds/I_SINCOS.i_std_rom.i_rom/i_rtl.i_quarter_table.i_trivial_map.i_op_reg_b/opt_has_pipe.first_q_reg[7]/C is not reached by a timing clock
Related violations: <none>

TIMING-17#126 Warning
Non-clocked sequential cell  
The clock pin ad9361_unit_i0/bb_iq_generator/U0/i_synth/i_dds/I_SINCOS.i_std_rom.i_rom/i_rtl.i_quarter_table.i_trivial_map.i_op_reg_b/opt_has_pipe.first_q_reg[8]/C is not reached by a timing clock
Related violations: <none>

TIMING-17#127 Warning
Non-clocked sequential cell  
The clock pin ad9361_unit_i0/bb_iq_generator/U0/i_synth/i_dds/I_SINCOS.i_std_rom.i_rom/i_rtl.i_quarter_table.i_trivial_map.i_op_reg_b/opt_has_pipe.first_q_reg[9]/C is not reached by a timing clock
Related violations: <none>

TIMING-17#128 Warning
Non-clocked sequential cell  
The clock pin ad9361_unit_i0/bb_iq_generator/U0/i_synth/i_dds/I_SINCOS.i_std_rom.i_rom/i_rtl.i_quarter_table.i_trivial_map.i_op_reg_b/opt_has_pipe.i_pipe[2].pipe_reg[2][0]/C is not reached by a timing clock
Related violations: <none>

TIMING-17#129 Warning
Non-clocked sequential cell  
The clock pin ad9361_unit_i0/bb_iq_generator/U0/i_synth/i_dds/I_SINCOS.i_std_rom.i_rom/i_rtl.i_quarter_table.i_trivial_map.i_op_reg_b/opt_has_pipe.i_pipe[2].pipe_reg[2][10]/C is not reached by a timing clock
Related violations: <none>

TIMING-17#130 Warning
Non-clocked sequential cell  
The clock pin ad9361_unit_i0/bb_iq_generator/U0/i_synth/i_dds/I_SINCOS.i_std_rom.i_rom/i_rtl.i_quarter_table.i_trivial_map.i_op_reg_b/opt_has_pipe.i_pipe[2].pipe_reg[2][11]/C is not reached by a timing clock
Related violations: <none>

TIMING-17#131 Warning
Non-clocked sequential cell  
The clock pin ad9361_unit_i0/bb_iq_generator/U0/i_synth/i_dds/I_SINCOS.i_std_rom.i_rom/i_rtl.i_quarter_table.i_trivial_map.i_op_reg_b/opt_has_pipe.i_pipe[2].pipe_reg[2][1]/C is not reached by a timing clock
Related violations: <none>

TIMING-17#132 Warning
Non-clocked sequential cell  
The clock pin ad9361_unit_i0/bb_iq_generator/U0/i_synth/i_dds/I_SINCOS.i_std_rom.i_rom/i_rtl.i_quarter_table.i_trivial_map.i_op_reg_b/opt_has_pipe.i_pipe[2].pipe_reg[2][2]/C is not reached by a timing clock
Related violations: <none>

TIMING-17#133 Warning
Non-clocked sequential cell  
The clock pin ad9361_unit_i0/bb_iq_generator/U0/i_synth/i_dds/I_SINCOS.i_std_rom.i_rom/i_rtl.i_quarter_table.i_trivial_map.i_op_reg_b/opt_has_pipe.i_pipe[2].pipe_reg[2][3]/C is not reached by a timing clock
Related violations: <none>

TIMING-17#134 Warning
Non-clocked sequential cell  
The clock pin ad9361_unit_i0/bb_iq_generator/U0/i_synth/i_dds/I_SINCOS.i_std_rom.i_rom/i_rtl.i_quarter_table.i_trivial_map.i_op_reg_b/opt_has_pipe.i_pipe[2].pipe_reg[2][4]/C is not reached by a timing clock
Related violations: <none>

TIMING-17#135 Warning
Non-clocked sequential cell  
The clock pin ad9361_unit_i0/bb_iq_generator/U0/i_synth/i_dds/I_SINCOS.i_std_rom.i_rom/i_rtl.i_quarter_table.i_trivial_map.i_op_reg_b/opt_has_pipe.i_pipe[2].pipe_reg[2][5]/C is not reached by a timing clock
Related violations: <none>

TIMING-17#136 Warning
Non-clocked sequential cell  
The clock pin ad9361_unit_i0/bb_iq_generator/U0/i_synth/i_dds/I_SINCOS.i_std_rom.i_rom/i_rtl.i_quarter_table.i_trivial_map.i_op_reg_b/opt_has_pipe.i_pipe[2].pipe_reg[2][6]/C is not reached by a timing clock
Related violations: <none>

TIMING-17#137 Warning
Non-clocked sequential cell  
The clock pin ad9361_unit_i0/bb_iq_generator/U0/i_synth/i_dds/I_SINCOS.i_std_rom.i_rom/i_rtl.i_quarter_table.i_trivial_map.i_op_reg_b/opt_has_pipe.i_pipe[2].pipe_reg[2][7]/C is not reached by a timing clock
Related violations: <none>

TIMING-17#138 Warning
Non-clocked sequential cell  
The clock pin ad9361_unit_i0/bb_iq_generator/U0/i_synth/i_dds/I_SINCOS.i_std_rom.i_rom/i_rtl.i_quarter_table.i_trivial_map.i_op_reg_b/opt_has_pipe.i_pipe[2].pipe_reg[2][8]/C is not reached by a timing clock
Related violations: <none>

TIMING-17#139 Warning
Non-clocked sequential cell  
The clock pin ad9361_unit_i0/bb_iq_generator/U0/i_synth/i_dds/I_SINCOS.i_std_rom.i_rom/i_rtl.i_quarter_table.i_trivial_map.i_op_reg_b/opt_has_pipe.i_pipe[2].pipe_reg[2][9]/C is not reached by a timing clock
Related violations: <none>

TIMING-18#1 Warning
Missing input or output delay  
An input delay is missing on ad9361_spi_miso relative to clock(s) VIRTUAL_clk_out1_clk_wiz_0 
Related violations: <none>

TIMING-18#2 Warning
Missing input or output delay  
An input delay is missing on sys_rst relative to clock(s) VIRTUAL_clk_out1_clk_wiz_0 
Related violations: <none>

TIMING-18#3 Warning
Missing input or output delay  
An output delay is missing on ad9361_spi_cs relative to clock(s) VIRTUAL_clk_out1_clk_wiz_0 
Related violations: <none>

TIMING-18#4 Warning
Missing input or output delay  
An output delay is missing on ad9361_spi_mosi relative to clock(s) VIRTUAL_clk_out1_clk_wiz_0 
Related violations: <none>

TIMING-18#5 Warning
Missing input or output delay  
An output delay is missing on led[0] relative to clock(s) VIRTUAL_clk_out1_clk_wiz_0 
Related violations: <none>

TIMING-18#6 Warning
Missing input or output delay  
An output delay is missing on led[1] relative to clock(s) VIRTUAL_clk_out1_clk_wiz_0 
Related violations: <none>

TIMING-18#7 Warning
Missing input or output delay  
An output delay is missing on led[2] relative to clock(s) VIRTUAL_clk_out1_clk_wiz_0 
Related violations: <none>

TIMING-18#8 Warning
Missing input or output delay  
An output delay is missing on led[3] relative to clock(s) VIRTUAL_clk_out1_clk_wiz_0 
Related violations: <none>

TIMING-18#9 Warning
Missing input or output delay  
An output delay is missing on led[4] relative to clock(s) VIRTUAL_clk_out1_clk_wiz_0 
Related violations: <none>

TIMING-18#10 Warning
Missing input or output delay  
An output delay is missing on led[5] relative to clock(s) VIRTUAL_clk_out1_clk_wiz_0 
Related violations: <none>

TIMING-18#11 Warning
Missing input or output delay  
An output delay is missing on led[6] relative to clock(s) VIRTUAL_clk_out1_clk_wiz_0 
Related violations: <none>

TIMING-18#12 Warning
Missing input or output delay  
An output delay is missing on led[7] relative to clock(s) VIRTUAL_clk_out1_clk_wiz_0 
Related violations: <none>

XDCC-2#1 Warning
Scoped Non-Timing constraint/property overwritten  
A new XDC property IOSTANDARD on sys_clk_n_200M overrides a previous scoped property. It is not recommended to override a scoped (typically an IP) property and could result in unexpected behaviours.
New Source: E:/VivadoProject/AD9361_TX_1MHz_Baseband_800Hz_IF/AD9361_TX_1MHz_Baseband_800Hz_IF.srcs/constrs_1/imports/new/ad9361_rx_top.xdc (Line: 10)
Previous Source: e:/VivadoProject/AD9361_TX_1MHz_Baseband_800Hz_IF/AD9361_TX_1MHz_Baseband_800Hz_IF.srcs/sources_1/ip/clk_wiz_0/clk_wiz_0_board.xdc (Line: 4)
Related violations: <none>


