Vivado Simulator 2017.1
Copyright 1986-1999, 2001-2016 Xilinx, Inc. All Rights Reserved.
Running: D:/XilinxVivado/Vivado/2017.1/bin/unwrapped/win64.o/xelab.exe -wto 3388a7a0d9cb4d0b8a5310e08b3c3d26 --debug typical --relax --mt 2 -L xil_defaultlib -L unisims_ver -L unimacro_ver -L secureip -L xpm --snapshot dds_test_behav xil_defaultlib.dds_test xil_defaultlib.glbl -log elaborate.log 
Using 2 slave threads.
Starting static elaboration
Completed static elaboration
Starting simulation data flow analysis
Completed simulation data flow analysis
Time Resolution for simulation is 1ps
Compiling module unisims_ver.GND
Compiling module unisims_ver.VCC
Compiling module unisims_ver.x_lut2_mux4
Compiling module unisims_ver.LUT2
Compiling module unisims_ver.FDRE_default
Compiling module unisims_ver.x_lut1_mux2
Compiling module unisims_ver.LUT1
Compiling module xil_defaultlib.dds_compiler_0_xbip_pipe_v3_0_3_...
Compiling module unisims_ver.CARRY4
Compiling module xil_defaultlib.dds_compiler_0_pipe_add
Compiling module xil_defaultlib.dds_compiler_0_accum
Compiling module unisims_ver.SRL16E_default
Compiling module xil_defaultlib.dds_compiler_0_xbip_pipe_v3_0_3_...
Compiling module unisims_ver.RB18_INTERNAL_VLOG(DOA_REG=1,DOB...
Compiling module unisims_ver.RAMB18E1(DOA_REG=1,DOB_REG=1,INI...
Compiling module xil_defaultlib.dds_compiler_0_xbip_pipe_v3_0_3_...
Compiling module xil_defaultlib.dds_compiler_0_xbip_pipe_v3_0_3_...
Compiling module xil_defaultlib.dds_compiler_0_xbip_pipe_v3_0_3_...
Compiling module xil_defaultlib.dds_compiler_0_xbip_pipe_v3_0_3_...
Compiling module unisims_ver.x_lut3_mux8
Compiling module unisims_ver.LUT3
Compiling module xil_defaultlib.dds_compiler_0_sin_cos
Compiling module xil_defaultlib.dds_compiler_0_xbip_pipe_v3_0_3_...
Compiling module xil_defaultlib.dds_compiler_0_xbip_pipe_v3_0_3_...
Compiling module unisims_ver.FDRE(INIT=1'b1)
Compiling module xil_defaultlib.dds_compiler_0_dds_compiler_v6_0...
Compiling module xil_defaultlib.dds_compiler_0_dds_compiler_v6_0...
Compiling module xil_defaultlib.dds_compiler_0_xbip_pipe_v3_0_3_...
Compiling module xil_defaultlib.dds_compiler_0_xbip_pipe_v3_0_3_...
Compiling module xil_defaultlib.dds_compiler_0_dds_compiler_v6_0...
Compiling module xil_defaultlib.dds_compiler_0_dds_compiler_v6_0...
Compiling module xil_defaultlib.dds_compiler_0
Compiling module xil_defaultlib.ad9361_txdata
Compiling module xil_defaultlib.dds_test
Compiling module xil_defaultlib.glbl
Built simulation snapshot dds_test_behav
